\BOOKMARK [0][-]{chapter.1}{\376\377\173\054\116\000\172\340\000\040\226\306\124\010\116\016\217\320\173\227}{}% 1
\BOOKMARK [1][-]{section.1.1}{\376\377\173\054\116\000\202\202}{chapter.1}% 2
\BOOKMARK [1][-]{section.1.2}{\376\377\173\054\116\214\202\202\000\040\146\040\134\004}{chapter.1}% 3
\BOOKMARK [1][-]{section.1.3}{\376\377\173\054\116\011\202\202\000\040\000n\176\364\153\047\154\017\172\172\225\364\000R\000n}{chapter.1}% 4
\BOOKMARK [2][-]{subsection.1.3.1}{\376\377\153\047\137\017\172\172\225\364}{section.1.3}% 5
\BOOKMARK [2][-]{subsection.1.3.2}{\376\377\136\246\221\317\172\172\225\364}{section.1.3}% 6
\BOOKMARK [2][-]{subsection.1.3.3}{\376\377\000C\000a\000n\000t\000o\000r\000\040\000s\000e\000t}{section.1.3}% 7
\BOOKMARK [2][-]{subsection.1.3.4}{\376\377\000B\000o\000r\000e\000l\000\040\000s\000e\000t\000s}{section.1.3}% 8
\BOOKMARK [2][-]{subsection.1.3.5}{\376\377\000B\000a\000s\000i\000c\000\040\000T\000h\000e\000o\000r\000e\000m\000s\000\040\000o\000n\000\040\000C\000o\000m\000p\000l\000e\000t\000e\000n\000e\000s\000s}{section.1.3}% 9
\BOOKMARK [0][-]{chapter.2}{\376\377\173\054\116\214\172\340\000\040\000L\000e\000b\000e\000s\000g\000u\000e\155\113\136\246}{}% 10
\BOOKMARK [1][-]{section.2.1}{\376\377\173\054\116\000\202\202\000\040\000L\000e\000s\000b\000e\000g\000u\000e\131\026\155\113\136\246\116\016\123\357\155\113\226\306}{chapter.2}% 11
\BOOKMARK [1][-]{section.2.2}{\376\377\173\054\116\214\202\202\000\040\000L\000e\000s\000b\000e\000g\000u\000e\123\357\155\113\121\375\145\160}{chapter.2}% 12
\BOOKMARK [1][-]{section.2.3}{\376\377\173\054\116\011\202\202\000\040\000L\000e\000s\000b\000e\000g\000u\000e\123\357\155\113\121\375\145\160\122\027\166\204\145\066\145\133\140\047\000\040\000w\000e\000e\000k\0005\000\040\0000\0003\000/\0002\0006}{chapter.2}% 13
\BOOKMARK [0][-]{chapter.3}{\376\377\173\054\116\011\172\340\000\040\000L\000e\000b\000e\000s\000g\000u\000e\171\357\122\006}{}% 14
\BOOKMARK [1][-]{section.3.1}{\376\377\173\054\116\000\202\202\000\040\000L\000e\000s\000b\000e\000g\000u\000e\123\357\155\113\121\375\145\160\166\204\171\357\122\006}{chapter.3}% 15
\BOOKMARK [1][-]{section.3.2}{\376\377\173\054\116\214\202\202\000\040\000L\000e\000b\000e\000s\000g\000u\000e\000\040\171\357\122\006\166\204\147\201\226\120\133\232\164\006}{chapter.3}% 16
\BOOKMARK [1][-]{section.3.3}{\376\377\173\054\116\011\202\202\000\040\221\315\171\357\122\006\124\214\175\057\153\041\171\357\122\006}{chapter.3}% 17
\BOOKMARK [0][-]{chapter.4}{\376\377\173\054\126\333\172\340\000\040\000L\000p\172\172\225\364}{}% 18
\BOOKMARK [1][-]{section.4.1}{\376\377\173\054\116\000\202\202\000\040\000L\000p\172\172\225\364}{chapter.4}% 19
\BOOKMARK [1][-]{section.4.2}{\376\377\173\054\116\011\202\202\000\040\123\167\171\357}{chapter.4}% 20
\BOOKMARK [0][-]{chapter.5}{\376\377\173\054\116\224\172\340\000\040\000H\000i\000l\000b\000e\000r\000t\172\172\225\364\164\006\213\272}{}% 21
\BOOKMARK [1][-]{section.5.1}{\376\377\173\054\116\000\202\202\000\040\215\335\171\273\172\172\225\364}{chapter.5}% 22
\BOOKMARK [1][-]{section.5.2}{\376\377\173\054\116\214\202\202\000\040\000H\000i\000l\000b\000e\000r\000t\172\172\225\364\164\006\213\272}{chapter.5}% 23
\BOOKMARK [0][-]{chapter.6}{\376\377\173\054\121\155\172\340\000\040\000B\000a\000n\000a\000c\000h\172\172\225\364}{}% 24
\BOOKMARK [1][-]{section.6.1}{\376\377\173\054\116\000\202\202\000\040\000B\000a\000n\000a\000c\000h\172\172\225\364}{chapter.6}% 25
\BOOKMARK [1][-]{section.6.2}{\376\377\173\054\116\214\202\202\000\040\000B\000a\000n\000a\000c\000h\172\172\225\364\116\012\166\204\147\011\165\114\176\277\140\047\173\227\133\120}{chapter.6}% 26
\BOOKMARK [1][-]{section.6.3}{\376\377\173\054\116\011\202\202\000\040\000B\000a\000n\000a\000c\000h\172\172\225\364\116\012\166\204\217\336\176\355\176\277\140\047\154\333\121\375}{chapter.6}% 27
